28-02-2022 19:21:18.682 [Gauge] [INFO] Initializing concepts cache with 0 concepts
28-02-2022 19:21:18.683 [Gauge] [INFO] Watching directory: C:\Users\testinium\Downloads\Appium-Otomasyon-main\Appium-Otomasyon-main\appiumV_1\specs
28-02-2022 19:21:18.684 [Gauge] [DEBUG] Found 1 files
28-02-2022 19:21:18.798 [Gauge] [INFO] Initializing specs cache with 1 specs
28-02-2022 19:21:18.798 [Gauge] [DEBUG] Adding specs from C:\Users\testinium\Downloads\Appium-Otomasyon-main\Appium-Otomasyon-main\appiumV_1\specs\example.spec
28-02-2022 19:21:18.798 [Gauge] [INFO] Initializing steps cache with 1 steps
28-02-2022 19:21:18.799 [Gauge] [INFO] Gauge daemon initialized and listening on port: 51899
28-02-2022 19:21:19.140 [Gauge] [DEBUG] Api Request Received: messageType:GetLanguagePluginLibPathRequest messageId:5 libPathRequest:<language:"java" > 
28-02-2022 19:21:19.145 [Gauge] [DEBUG] Sending API response: messageType:GetLanguagePluginLibPathResponse messageId:5 libPathResponse:<path:"C:\\Users\\testinium\\AppData\\Roaming\\gauge\\plugins\\java\\0.7.3\\libs" > 
28-02-2022 19:21:45.938 [Gauge] [INFO] Watching directory: C:\Users\testinium\Downloads\Appium-Otomasyon-main\Appium-Otomasyon-main\appiumV_1\specs
28-02-2022 19:21:45.943 [Gauge] [DEBUG] Found 1 files
28-02-2022 19:21:45.945 [Gauge] [INFO] Initializing concepts cache with 0 concepts
28-02-2022 19:21:45.947 [Gauge] [INFO] Initializing specs cache with 1 specs
28-02-2022 19:21:45.947 [Gauge] [DEBUG] Adding specs from C:\Users\testinium\Downloads\Appium-Otomasyon-main\Appium-Otomasyon-main\appiumV_1\specs\example.spec
28-02-2022 19:21:45.947 [Gauge] [INFO] Initializing steps cache with 1 steps
28-02-2022 19:21:45.947 [Gauge] [INFO] Gauge daemon initialized and listening on port: 51912
28-02-2022 19:22:02.530 [Gauge] [DEBUG] Api Request Received: messageType:GetStepValueRequest messageId:4 stepValueRequest:<stepText:"\"5\" saniye kadar bekle" > 
28-02-2022 19:22:02.531 [Gauge] [DEBUG] Sending API response: messageType:GetStepValueResponse messageId:4 stepValueResponse:<stepValue:<stepValue:"{} saniye kadar bekle" parameterizedStepValue:"<5> saniye kadar bekle" parameters:"5" > > 
28-02-2022 19:22:02.741 [Gauge] [DEBUG] Api Request Received: messageType:GetStepValueRequest messageId:4 stepValueRequest:<stepText:"<wait> saniye kadar bekle" > 
28-02-2022 19:22:02.741 [Gauge] [DEBUG] Sending API response: messageType:GetStepValueResponse messageId:4 stepValueResponse:<stepValue:<stepValue:"{} saniye kadar bekle" parameterizedStepValue:"<wait> saniye kadar bekle" parameters:"wait" > > 
28-02-2022 19:22:02.750 [Gauge] [DEBUG] Api Request Received: messageType:GetStepValueRequest messageId:4 stepValueRequest:<stepText:"\"com.ozdilek.ozdilekteyim:id/tv_startShoppingStore\"Uygulama ac\304\261ld\304\261" > 
28-02-2022 19:22:02.750 [Gauge] [DEBUG] Sending API response: messageType:GetStepValueResponse messageId:4 stepValueResponse:<stepValue:<stepValue:"{}Uygulama ac\304\261ld\304\261" parameterizedStepValue:"<com.ozdilek.ozdilekteyim:id/tv_startShoppingStore>Uygulama ac\304\261ld\304\261" parameters:"com.ozdilek.ozdilekteyim:id/tv_startShoppingStore" > > 
28-02-2022 19:22:02.755 [Gauge] [DEBUG] Api Request Received: messageType:GetStepValueRequest messageId:4 stepValueRequest:<stepText:"<id>Uygulama ac\304\261ld\304\261" > 
28-02-2022 19:22:02.756 [Gauge] [DEBUG] Sending API response: messageType:GetStepValueResponse messageId:4 stepValueResponse:<stepValue:<stepValue:"{}Uygulama ac\304\261ld\304\261" parameterizedStepValue:"<id>Uygulama ac\304\261ld\304\261" parameters:"id" > > 
28-02-2022 19:22:02.758 [Gauge] [DEBUG] Api Request Received: messageType:GetStepValueRequest messageId:4 stepValueRequest:<stepText:"\"3\" saniye kadar bekle" > 
28-02-2022 19:22:02.758 [Gauge] [DEBUG] Sending API response: messageType:GetStepValueResponse messageId:4 stepValueResponse:<stepValue:<stepValue:"{} saniye kadar bekle" parameterizedStepValue:"<3> saniye kadar bekle" parameters:"3" > > 
28-02-2022 19:22:02.759 [Gauge] [DEBUG] Api Request Received: messageType:GetStepValueRequest messageId:4 stepValueRequest:<stepText:"id \"com.ozdilek.ozdilekteyim:id/tv_startShoppingStore\" li eleemente t\304\261kla" > 
28-02-2022 19:22:02.759 [Gauge] [DEBUG] Sending API response: messageType:GetStepValueResponse messageId:4 stepValueResponse:<stepValue:<stepValue:"id {} li eleemente t\304\261kla" parameterizedStepValue:"id <com.ozdilek.ozdilekteyim:id/tv_startShoppingStore> li eleemente t\304\261kla" parameters:"com.ozdilek.ozdilekteyim:id/tv_startShoppingStore" > > 
28-02-2022 19:22:02.760 [Gauge] [DEBUG] Api Request Received: messageType:GetStepValueRequest messageId:4 stepValueRequest:<stepText:"<xpath> Kategoriler sayfas\304\261 kontrol\303\274" > 
28-02-2022 19:22:02.761 [Gauge] [DEBUG] Sending API response: messageType:GetStepValueResponse messageId:4 stepValueResponse:<stepValue:<stepValue:"{} Kategoriler sayfas\304\261 kontrol\303\274" parameterizedStepValue:"<xpath> Kategoriler sayfas\304\261 kontrol\303\274" parameters:"xpath" > > 
28-02-2022 19:22:02.761 [Gauge] [DEBUG] Api Request Received: messageType:GetStepValueRequest messageId:4 stepValueRequest:<stepText:"<id> Giri\305\237 yapma sayfas\304\261 kontrol\303\274" > 
28-02-2022 19:22:02.761 [Gauge] [DEBUG] Sending API response: messageType:GetStepValueResponse messageId:4 stepValueResponse:<stepValue:<stepValue:"{} Giri\305\237 yapma sayfas\304\261 kontrol\303\274" parameterizedStepValue:"<id> Giri\305\237 yapma sayfas\304\261 kontrol\303\274" parameters:"id" > > 
28-02-2022 19:22:02.761 [Gauge] [DEBUG] Api Request Received: messageType:GetStepValueRequest messageId:4 stepValueRequest:<stepText:"<id> \303\234r\303\274n detay sayfas\304\261 kontrol\303\274" > 
28-02-2022 19:22:02.761 [Gauge] [DEBUG] Sending API response: messageType:GetStepValueResponse messageId:4 stepValueResponse:<stepValue:<stepValue:"{} \303\234r\303\274n detay sayfas\304\261 kontrol\303\274" parameterizedStepValue:"<id> \303\234r\303\274n detay sayfas\304\261 kontrol\303\274" parameters:"id" > > 
28-02-2022 19:22:02.762 [Gauge] [DEBUG] Api Request Received: messageType:GetStepValueRequest messageId:4 stepValueRequest:<stepText:"id <id> li eleemente t\304\261kla" > 
28-02-2022 19:22:02.762 [Gauge] [DEBUG] Sending API response: messageType:GetStepValueResponse messageId:4 stepValueResponse:<stepValue:<stepValue:"id {} li eleemente t\304\261kla" parameterizedStepValue:"id <id> li eleemente t\304\261kla" parameters:"id" > > 
28-02-2022 19:22:02.764 [Gauge] [DEBUG] Api Request Received: messageType:GetStepValueRequest messageId:4 stepValueRequest:<stepText:"id \"com.ozdilek.ozdilekteyim:id/nav_categories\" li eleemente t\304\261kla" > 
28-02-2022 19:22:02.764 [Gauge] [DEBUG] Sending API response: messageType:GetStepValueResponse messageId:4 stepValueResponse:<stepValue:<stepValue:"id {} li eleemente t\304\261kla" parameterizedStepValue:"id <com.ozdilek.ozdilekteyim:id/nav_categories> li eleemente t\304\261kla" parameters:"com.ozdilek.ozdilekteyim:id/nav_categories" > > 
28-02-2022 19:22:02.766 [Gauge] [DEBUG] Api Request Received: messageType:GetStepValueRequest messageId:4 stepValueRequest:<stepText:"\"//android.widget.LinearLayout[@content-desc='Kategoriler']/android.widget.TextView\" Kategoriler sayfas\304\261 kontrol\303\274" > 
28-02-2022 19:22:02.766 [Gauge] [DEBUG] Sending API response: messageType:GetStepValueResponse messageId:4 stepValueResponse:<stepValue:<stepValue:"{} Kategoriler sayfas\304\261 kontrol\303\274" parameterizedStepValue:"<//android.widget.LinearLayout[@content-desc='Kategoriler']/android.widget.TextView> Kategoriler sayfas\304\261 kontrol\303\274" parameters:"//android.widget.LinearLayout[@content-desc='Kategoriler']/android.widget.TextView" > > 
28-02-2022 19:22:02.769 [Gauge] [DEBUG] Api Request Received: messageType:GetStepValueRequest messageId:4 stepValueRequest:<stepText:"xpath \"//*[@resource-id='com.ozdilek.ozdilekteyim:id/relLayCategoriesItem'][2]\" elemente t\304\261kla" > 
28-02-2022 19:22:02.769 [Gauge] [DEBUG] Sending API response: messageType:GetStepValueResponse messageId:4 stepValueResponse:<stepValue:<stepValue:"xpath {} elemente t\304\261kla" parameterizedStepValue:"xpath <//*[@resource-id='com.ozdilek.ozdilekteyim:id/relLayCategoriesItem'][2]> elemente t\304\261kla" parameters:"//*[@resource-id='com.ozdilek.ozdilekteyim:id/relLayCategoriesItem'][2]" > > 
28-02-2022 19:22:02.771 [Gauge] [DEBUG] Api Request Received: messageType:GetStepValueRequest messageId:4 stepValueRequest:<stepText:"xpath <xpath> elemente t\304\261kla" > 
28-02-2022 19:22:02.771 [Gauge] [DEBUG] Sending API response: messageType:GetStepValueResponse messageId:4 stepValueResponse:<stepValue:<stepValue:"xpath {} elemente t\304\261kla" parameterizedStepValue:"xpath <xpath> elemente t\304\261kla" parameters:"xpath" > > 
28-02-2022 19:22:02.774 [Gauge] [DEBUG] Api Request Received: messageType:GetStepValueRequest messageId:4 stepValueRequest:<stepText:"xpath \"//*[@resource-id='com.ozdilek.ozdilekteyim:id/relLayCategoriesItem'][14]\" elemente t\304\261kla" > 
28-02-2022 19:22:02.774 [Gauge] [DEBUG] Sending API response: messageType:GetStepValueResponse messageId:4 stepValueResponse:<stepValue:<stepValue:"xpath {} elemente t\304\261kla" parameterizedStepValue:"xpath <//*[@resource-id='com.ozdilek.ozdilekteyim:id/relLayCategoriesItem'][14]> elemente t\304\261kla" parameters:"//*[@resource-id='com.ozdilek.ozdilekteyim:id/relLayCategoriesItem'][14]" > > 
28-02-2022 19:22:02.775 [Gauge] [DEBUG] Api Request Received: messageType:GetStepValueRequest messageId:4 stepValueRequest:<stepText:"scroll" > 
28-02-2022 19:22:02.775 [Gauge] [DEBUG] Sending API response: messageType:GetStepValueResponse messageId:4 stepValueResponse:<stepValue:<stepValue:"scroll" parameterizedStepValue:"scroll" > > 
28-02-2022 19:22:02.777 [Gauge] [DEBUG] Api Request Received: messageType:GetStepValueRequest messageId:4 stepValueRequest:<stepText:"Rasgele bir \303\274r\303\274n se\303\247" > 
28-02-2022 19:22:02.777 [Gauge] [DEBUG] Sending API response: messageType:GetStepValueResponse messageId:4 stepValueResponse:<stepValue:<stepValue:"Rasgele bir \303\274r\303\274n se\303\247" parameterizedStepValue:"Rasgele bir \303\274r\303\274n se\303\247" > > 
28-02-2022 19:22:02.778 [Gauge] [DEBUG] Api Request Received: messageType:GetStepValueRequest messageId:4 stepValueRequest:<stepText:"<id> \304\260d'li elemente <text> de\304\237erini yaz" > 
28-02-2022 19:22:02.778 [Gauge] [DEBUG] Sending API response: messageType:GetStepValueResponse messageId:4 stepValueResponse:<stepValue:<stepValue:"{} \304\260d'li elemente {} de\304\237erini yaz" parameterizedStepValue:"<id> \304\260d'li elemente <text> de\304\237erini yaz" parameters:"id" parameters:"text" > > 
28-02-2022 19:22:02.780 [Gauge] [DEBUG] Api Request Received: messageType:GetStepValueRequest messageId:4 stepValueRequest:<stepText:"\"2\" saniye kadar bekle" > 
28-02-2022 19:22:02.780 [Gauge] [DEBUG] Sending API response: messageType:GetStepValueResponse messageId:4 stepValueResponse:<stepValue:<stepValue:"{} saniye kadar bekle" parameterizedStepValue:"<2> saniye kadar bekle" parameters:"2" > > 
28-02-2022 19:22:02.781 [Gauge] [DEBUG] Api Request Received: messageType:GetStepValueRequest messageId:4 stepValueRequest:<stepText:"id \"com.ozdilek.ozdilekteyim:id/relLayAddFav\" li eleemente t\304\261kla" > 
28-02-2022 19:22:02.782 [Gauge] [DEBUG] Sending API response: messageType:GetStepValueResponse messageId:4 stepValueResponse:<stepValue:<stepValue:"id {} li eleemente t\304\261kla" parameterizedStepValue:"id <com.ozdilek.ozdilekteyim:id/relLayAddFav> li eleemente t\304\261kla" parameters:"com.ozdilek.ozdilekteyim:id/relLayAddFav" > > 
28-02-2022 19:22:02.784 [Gauge] [DEBUG] Api Request Received: messageType:GetStepValueRequest messageId:4 stepValueRequest:<stepText:"\"com.ozdilek.ozdilekteyim:id/tvForgetPassword\" Giri\305\237 yapma sayfas\304\261 kontrol\303\274" > 
28-02-2022 19:22:02.784 [Gauge] [DEBUG] Sending API response: messageType:GetStepValueResponse messageId:4 stepValueResponse:<stepValue:<stepValue:"{} Giri\305\237 yapma sayfas\304\261 kontrol\303\274" parameterizedStepValue:"<com.ozdilek.ozdilekteyim:id/tvForgetPassword> Giri\305\237 yapma sayfas\304\261 kontrol\303\274" parameters:"com.ozdilek.ozdilekteyim:id/tvForgetPassword" > > 
28-02-2022 19:22:02.788 [Gauge] [DEBUG] Api Request Received: messageType:GetStepValueRequest messageId:4 stepValueRequest:<stepText:"\"com.ozdilek.ozdilekteyim:id/etEposta\" \304\260d'li elemente \"batuhan5100@gmail.com\" de\304\237erini yaz" > 
28-02-2022 19:22:02.788 [Gauge] [DEBUG] Sending API response: messageType:GetStepValueResponse messageId:4 stepValueResponse:<stepValue:<stepValue:"{} \304\260d'li elemente {} de\304\237erini yaz" parameterizedStepValue:"<com.ozdilek.ozdilekteyim:id/etEposta> \304\260d'li elemente <batuhan5100@gmail.com> de\304\237erini yaz" parameters:"com.ozdilek.ozdilekteyim:id/etEposta" parameters:"batuhan5100@gmail.com" > > 
28-02-2022 19:22:02.792 [Gauge] [DEBUG] Api Request Received: messageType:GetStepValueRequest messageId:4 stepValueRequest:<stepText:"\"com.ozdilek.ozdilekteyim:id/etPassword\" \304\260d'li elemente \"Batuhan1\" de\304\237erini yaz" > 
28-02-2022 19:22:02.792 [Gauge] [DEBUG] Sending API response: messageType:GetStepValueResponse messageId:4 stepValueResponse:<stepValue:<stepValue:"{} \304\260d'li elemente {} de\304\237erini yaz" parameterizedStepValue:"<com.ozdilek.ozdilekteyim:id/etPassword> \304\260d'li elemente <Batuhan1> de\304\237erini yaz" parameters:"com.ozdilek.ozdilekteyim:id/etPassword" parameters:"Batuhan1" > > 
28-02-2022 19:22:02.794 [Gauge] [DEBUG] Api Request Received: messageType:GetStepValueRequest messageId:4 stepValueRequest:<stepText:"id \"com.ozdilek.ozdilekteyim:id/ivBack\" li eleemente t\304\261kla" > 
28-02-2022 19:22:02.795 [Gauge] [DEBUG] Sending API response: messageType:GetStepValueResponse messageId:4 stepValueResponse:<stepValue:<stepValue:"id {} li eleemente t\304\261kla" parameterizedStepValue:"id <com.ozdilek.ozdilekteyim:id/ivBack> li eleemente t\304\261kla" parameters:"com.ozdilek.ozdilekteyim:id/ivBack" > > 
28-02-2022 19:22:02.799 [Gauge] [DEBUG] Api Request Received: messageType:GetStepValueRequest messageId:4 stepValueRequest:<stepText:"id \"com.ozdilek.ozdilekteyim:id/relLayAddCartBtn\" li eleemente t\304\261kla" > 
28-02-2022 19:22:02.799 [Gauge] [DEBUG] Sending API response: messageType:GetStepValueResponse messageId:4 stepValueResponse:<stepValue:<stepValue:"id {} li eleemente t\304\261kla" parameterizedStepValue:"id <com.ozdilek.ozdilekteyim:id/relLayAddCartBtn> li eleemente t\304\261kla" parameters:"com.ozdilek.ozdilekteyim:id/relLayAddCartBtn" > > 
29-03-2022 15:50:21.745 [Gauge] [INFO] Watching directory: C:\Users\testinium\Downloads\Appium-Otomasyon-main\Appium-Otomasyon-main\appiumV_1\specs
29-03-2022 15:50:21.770 [Gauge] [DEBUG] Found 1 files
29-03-2022 15:50:21.775 [Gauge] [INFO] Initializing concepts cache with 0 concepts
29-03-2022 15:50:21.809 [Gauge] [INFO] Spec file added / modified: C:\Users\testinium\Downloads\Appium-Otomasyon-main\Appium-Otomasyon-main\appiumV_1\specs\example.spec
30-03-2022 13:55:32.853 [Gauge] [INFO] Watching directory: C:\Users\testinium\Downloads\Appium-Otomasyon-main\Appium-Otomasyon-main\appiumV_1\specs
30-03-2022 13:55:32.854 [Gauge] [DEBUG] Found 1 files
30-03-2022 13:55:32.860 [Gauge] [INFO] Initializing concepts cache with 0 concepts
30-03-2022 13:55:32.879 [Gauge] [INFO] Spec file added / modified: C:\Users\testinium\Downloads\Appium-Otomasyon-main\Appium-Otomasyon-main\appiumV_1\specs\example.spec
07-06-2022 11:18:48.306 [Gauge] [INFO] Watching directory: C:\Users\testinium\Downloads\Appium-Otomasyon-main\Appium-Otomasyon-main\appiumV_1\specs
07-06-2022 11:18:48.307 [Gauge] [INFO] Initializing concepts cache with 0 concepts
07-06-2022 11:18:48.310 [Gauge] [DEBUG] Found 1 files
07-06-2022 11:18:48.319 [Gauge] [INFO] Spec file added / modified: C:\Users\testinium\Downloads\Appium-Otomasyon-main\Appium-Otomasyon-main\appiumV_1\specs\example.spec
07-06-2022 11:18:48.325 [Gauge] [INFO] Initializing specs cache with 1 specs
07-06-2022 11:18:48.325 [Gauge] [DEBUG] Adding specs from C:\Users\testinium\Downloads\Appium-Otomasyon-main\Appium-Otomasyon-main\appiumV_1\specs\example.spec
07-06-2022 11:18:48.325 [Gauge] [INFO] Initializing steps cache with 1 steps
07-06-2022 11:18:48.325 [Gauge] [INFO] Gauge daemon initialized and listening on port: 56786
07-06-2022 11:24:09.498 [Gauge] [INFO] Watching directory: C:\Users\testinium\Downloads\Appium-Otomasyon-main\Appium-Otomasyon-main\appiumV_1\specs
07-06-2022 11:24:09.499 [Gauge] [DEBUG] Found 1 files
07-06-2022 11:24:09.501 [Gauge] [INFO] Initializing concepts cache with 0 concepts
07-06-2022 11:24:09.514 [Gauge] [INFO] Initializing specs cache with 1 specs
07-06-2022 11:24:09.514 [Gauge] [DEBUG] Adding specs from C:\Users\testinium\Downloads\Appium-Otomasyon-main\Appium-Otomasyon-main\appiumV_1\specs\example.spec
07-06-2022 11:24:09.514 [Gauge] [INFO] Initializing steps cache with 1 steps
07-06-2022 11:24:09.514 [Gauge] [INFO] Gauge daemon initialized and listening on port: 56870
